Determining if the pthread_create exist failed with the following output:
Change Dir: /home/sai/Desktop/differential_drive_robot/simulation_ws/build/CMakeFiles/CMakeTmp

Run Build Command:"/usr/bin/make" "cmTC_ad095/fast"
/usr/bin/make -f CMakeFiles/cmTC_ad095.dir/build.make CMakeFiles/cmTC_ad095.dir/build
make[1]: Entering directory '/home/sai/Desktop/differential_drive_robot/simulation_ws/build/CMakeFiles/CMakeTmp'
Building C object CMakeFiles/cmTC_ad095.dir/CheckSymbolExists.c.o
/usr/bin/cc     -o CMakeFiles/cmTC_ad095.dir/CheckSymbolExists.c.o   -c /home/sai/Desktop/differential_drive_robot/simulation_ws/build/CMakeFiles/CMakeTmp/CheckSymbolExists.c
Linking C executable cmTC_ad095
/usr/bin/cmake -E cmake_link_script CMakeFiles/cmTC_ad095.dir/link.txt --verbose=1
/usr/bin/cc       CMakeFiles/cmTC_ad095.dir/CheckSymbolExists.c.o  -o cmTC_ad095 -rdynamic 
CMakeFiles/cmTC_ad095.dir/CheckSymbolExists.c.o: In function `main':
CheckSymbolExists.c:(.text+0x16): undefined reference to `pthread_create'
collect2: error: ld returned 1 exit status
CMakeFiles/cmTC_ad095.dir/build.make:97: recipe for target 'cmTC_ad095' failed
make[1]: *** [cmTC_ad095] Error 1
make[1]: Leaving directory '/home/sai/Desktop/differential_drive_robot/simulation_ws/build/CMakeFiles/CMakeTmp'
Makefile:126: recipe for target 'cmTC_ad095/fast' failed
make: *** [cmTC_ad095/fast] Error 2

File /home/sai/Desktop/differential_drive_robot/simulation_ws/build/CMakeFiles/CMakeTmp/CheckSymbolExists.c:
/* */
#include <pthread.h>

int main(int argc, char** argv)
{
  (void)argv;
#ifndef pthread_create
  return ((int*)(&pthread_create))[argc];
#else
  (void)argc;
  return 0;
#endif
}

Determining if the function pthread_create exists in the pthreads failed with the following output:
Change Dir: /home/sai/Desktop/differential_drive_robot/simulation_ws/build/CMakeFiles/CMakeTmp

Run Build Command:"/usr/bin/make" "cmTC_028e8/fast"
/usr/bin/make -f CMakeFiles/cmTC_028e8.dir/build.make CMakeFiles/cmTC_028e8.dir/build
make[1]: Entering directory '/home/sai/Desktop/differential_drive_robot/simulation_ws/build/CMakeFiles/CMakeTmp'
Building C object CMakeFiles/cmTC_028e8.dir/CheckFunctionExists.c.o
/usr/bin/cc    -DCHECK_FUNCTION_EXISTS=pthread_create   -o CMakeFiles/cmTC_028e8.dir/CheckFunctionExists.c.o   -c /usr/share/cmake-3.5/Modules/CheckFunctionExists.c
Linking C executable cmTC_028e8
/usr/bin/cmake -E cmake_link_script CMakeFiles/cmTC_028e8.dir/link.txt --verbose=1
/usr/bin/cc   -DCHECK_FUNCTION_EXISTS=pthread_create    CMakeFiles/cmTC_028e8.dir/CheckFunctionExists.c.o  -o cmTC_028e8 -rdynamic -lpthreads 
/usr/bin/ld: cannot find -lpthreads
collect2: error: ld returned 1 exit status
CMakeFiles/cmTC_028e8.dir/build.make:97: recipe for target 'cmTC_028e8' failed
make[1]: *** [cmTC_028e8] Error 1
make[1]: Leaving directory '/home/sai/Desktop/differential_drive_robot/simulation_ws/build/CMakeFiles/CMakeTmp'
Makefile:126: recipe for target 'cmTC_028e8/fast' failed
make: *** [cmTC_028e8/fast] Error 2


